<?xml version="1.0" encoding="UTF-8"?>
<!-- Generated by org.testng.reporters.JUnitReportReporter -->
<testsuite hostname="Giercownia" failures="0" tests="1" name="FormTest" time="4.549" errors="0" timestamp="24 sty 2021 11:39:07 GMT" skipped="0">
  <testcase classname="FormTest" name="shouldSendForm" time="4.549"/>
</testsuite> <!-- FormTest -->
