<?xml version="1.0" encoding="UTF-8"?>
<!-- Generated by org.testng.reporters.JUnitReportReporter -->
<testsuite hostname="Giercownia" failures="0" tests="3" name="AnnotationsTest" time="0.002" errors="0" timestamp="24 sty 2021 11:39:07 GMT" skipped="0">
  <testcase classname="AnnotationsTest" name="test2" time="0.000"/>
  <testcase classname="AnnotationsTest" name="test1" time="0.002"/>
  <testcase classname="AnnotationsTest" name="test3" time="0.000"/>
</testsuite> <!-- AnnotationsTest -->
